
*** Running vivado
    with args -log top_level.vds -m64 -product Vivado -mode batch -messageDb vivado.pb -notrace -source top_level.tcl


****** Vivado v2024.2 (64-bit)
  **** SW Build 5239630 on Fri Nov 08 22:34:34 MST 2024
  **** IP Build 5239520 on Sun Nov 10 16:12:51 MST 2024
  **** SharedData Build 5239561 on Fri Nov 08 14:39:27 MST 2024
  **** Start of session at: Thu May  8 23:07:03 2025
    ** Copyright 1986-2022 Xilinx, Inc. All Rights Reserved.
    ** Copyright 2022-2024 Advanced Micro Devices, Inc. All Rights Reserved.

source top_level.tcl -notrace
Command: read_checkpoint -auto_incremental -incremental /home/martin/Documents/XilinxProjects/DEBac/DEBac.srcs/utils_1/imports/synth_1/top_level.dcp
INFO: [Vivado 12-5825] Read reference checkpoint from /home/martin/Documents/XilinxProjects/DEBac/DEBac.srcs/utils_1/imports/synth_1/top_level.dcp for incremental synthesis
INFO: [Vivado 12-7989] Please ensure there are no constraint changes
Command: synth_design -top top_level -part xc7a100tcsg324-1
Starting synth_design
Attempting to get a license for feature 'Synthesis' and/or device 'xc7a100t'
INFO: [Common 17-349] Got license for feature 'Synthesis' and/or device 'xc7a100t'
INFO: [Device 21-403] Loading part xc7a100tcsg324-1
INFO: [Designutils 20-5440] No compile time benefit to using incremental synthesis; A full resynthesis will be run
INFO: [Designutils 20-4379] Flow is switching to default flow due to incremental criteria not met. If you would like to alter this behaviour and have the flow terminate instead, please set the following parameter config_implementation {autoIncr.Synth.RejectBehavior Terminate}
INFO: [Synth 8-7079] Multithreading enabled for synth_design using a maximum of 7 processes.
INFO: [Synth 8-7078] Launching helper process for spawning children vivado processes
INFO: [Synth 8-7075] Helper process launched with PID 340888
---------------------------------------------------------------------------------
Starting RTL Elaboration : Time (s): cpu = 00:00:04 ; elapsed = 00:00:04 . Memory (MB): peak = 2150.285 ; gain = 430.801 ; free physical = 991 ; free virtual = 52762
---------------------------------------------------------------------------------
INFO: [Synth 8-638] synthesizing module 'top_level' [/home/martin/Documents/XilinxProjects/DEBac/DEBac.srcs/sources_1/new/projekt_toplevel.vhd:32]
INFO: [Synth 8-3491] module 'RIA_R1' declared at '/home/martin/Documents/XilinxProjects/RIA_R1/RIA_R1.srcs/sources_1/new/RIA_R1.vhd:4' bound to instance 'RIA1' of component 'RIA_R1' [/home/martin/Documents/XilinxProjects/DEBac/DEBac.srcs/sources_1/new/projekt_toplevel.vhd:221]
INFO: [Synth 8-638] synthesizing module 'RIA_R1' [/home/martin/Documents/XilinxProjects/RIA_R1/RIA_R1.srcs/sources_1/new/RIA_R1.vhd:30]
INFO: [Synth 8-226] default block is never used [/home/martin/Documents/XilinxProjects/RIA_R1/RIA_R1.srcs/sources_1/new/RIA_R1.vhd:53]
INFO: [Synth 8-256] done synthesizing module 'RIA_R1' (0#1) [/home/martin/Documents/XilinxProjects/RIA_R1/RIA_R1.srcs/sources_1/new/RIA_R1.vhd:30]
INFO: [Synth 8-3491] module 'TickGenerator' declared at '/home/martin/Documents/XilinxProjects/DEBac/DEBac.srcs/sources_1/new/clkmssm.vhd:5' bound to instance 'CLK' of component 'TickGenerator' [/home/martin/Documents/XilinxProjects/DEBac/DEBac.srcs/sources_1/new/projekt_toplevel.vhd:243]
INFO: [Synth 8-638] synthesizing module 'TickGenerator' [/home/martin/Documents/XilinxProjects/DEBac/DEBac.srcs/sources_1/new/clkmssm.vhd:15]
INFO: [Synth 8-256] done synthesizing module 'TickGenerator' (0#1) [/home/martin/Documents/XilinxProjects/DEBac/DEBac.srcs/sources_1/new/clkmssm.vhd:15]
INFO: [Synth 8-3491] module 'Hodiny' declared at '/home/martin/Documents/XilinxProjects/Hodiny/Hodiny.srcs/sources_1/new/Hodiny.vhd:5' bound to instance 'HOD' of component 'Hodiny' [/home/martin/Documents/XilinxProjects/DEBac/DEBac.srcs/sources_1/new/projekt_toplevel.vhd:252]
INFO: [Synth 8-638] synthesizing module 'Hodiny' [/home/martin/Documents/XilinxProjects/Hodiny/Hodiny.srcs/sources_1/new/Hodiny.vhd:19]
INFO: [Synth 8-256] done synthesizing module 'Hodiny' (0#1) [/home/martin/Documents/XilinxProjects/Hodiny/Hodiny.srcs/sources_1/new/Hodiny.vhd:19]
INFO: [Synth 8-3491] module 'Stopky' declared at '/home/martin/Documents/XilinxProjects/stopky/stopky.srcs/sources_1/new/stopky.vhd:5' bound to instance 'STOPKYx' of component 'Stopky' [/home/martin/Documents/XilinxProjects/DEBac/DEBac.srcs/sources_1/new/projekt_toplevel.vhd:265]
INFO: [Synth 8-638] synthesizing module 'Stopky' [/home/martin/Documents/XilinxProjects/stopky/stopky.srcs/sources_1/new/stopky.vhd:18]
INFO: [Synth 8-256] done synthesizing module 'Stopky' (0#1) [/home/martin/Documents/XilinxProjects/stopky/stopky.srcs/sources_1/new/stopky.vhd:18]
INFO: [Synth 8-3491] module 'alarm' declared at '/home/martin/Documents/XilinxProjects/alarm/alarm.srcs/sources_1/new/alarm.vhd:5' bound to instance 'ALARMx' of component 'alarm' [/home/martin/Documents/XilinxProjects/DEBac/DEBac.srcs/sources_1/new/projekt_toplevel.vhd:277]
INFO: [Synth 8-638] synthesizing module 'alarm' [/home/martin/Documents/XilinxProjects/alarm/alarm.srcs/sources_1/new/alarm.vhd:19]
INFO: [Synth 8-256] done synthesizing module 'alarm' (0#1) [/home/martin/Documents/XilinxProjects/alarm/alarm.srcs/sources_1/new/alarm.vhd:19]
INFO: [Synth 8-3491] module 'RIA_R2' declared at '/home/martin/Documents/XilinxProjects/RIA_R2/RIA_R2.srcs/sources_1/new/RIA_R2.vhd:5' bound to instance 'RIA2' of component 'RIA_R2' [/home/martin/Documents/XilinxProjects/DEBac/DEBac.srcs/sources_1/new/projekt_toplevel.vhd:291]
INFO: [Synth 8-638] synthesizing module 'RIA_R2' [/home/martin/Documents/XilinxProjects/RIA_R2/RIA_R2.srcs/sources_1/new/RIA_R2.vhd:22]
INFO: [Synth 8-226] default block is never used [/home/martin/Documents/XilinxProjects/RIA_R2/RIA_R2.srcs/sources_1/new/RIA_R2.vhd:30]
INFO: [Synth 8-256] done synthesizing module 'RIA_R2' (0#1) [/home/martin/Documents/XilinxProjects/RIA_R2/RIA_R2.srcs/sources_1/new/RIA_R2.vhd:22]
INFO: [Synth 8-3491] module 'delic' declared at '/home/martin/Documents/XilinxProjects/delic/delic.srcs/sources_1/new/delic.vhd:5' bound to instance 'DELICx' of component 'delic' [/home/martin/Documents/XilinxProjects/DEBac/DEBac.srcs/sources_1/new/projekt_toplevel.vhd:307]
INFO: [Synth 8-638] synthesizing module 'delic' [/home/martin/Documents/XilinxProjects/delic/delic.srcs/sources_1/new/delic.vhd:20]
INFO: [Synth 8-256] done synthesizing module 'delic' (0#1) [/home/martin/Documents/XilinxProjects/delic/delic.srcs/sources_1/new/delic.vhd:20]
INFO: [Synth 8-3491] module 'selektor' declared at '/home/martin/Documents/XilinxProjects/selektor/selektor.srcs/sources_1/new/selektor.vhd:5' bound to instance 'SELEKTORx' of component 'selektor' [/home/martin/Documents/XilinxProjects/DEBac/DEBac.srcs/sources_1/new/projekt_toplevel.vhd:320]
INFO: [Synth 8-638] synthesizing module 'selektor' [/home/martin/Documents/XilinxProjects/selektor/selektor.srcs/sources_1/new/selektor.vhd:21]
INFO: [Synth 8-256] done synthesizing module 'selektor' (0#1) [/home/martin/Documents/XilinxProjects/selektor/selektor.srcs/sources_1/new/selektor.vhd:21]
INFO: [Synth 8-3491] module 'bin2seg' declared at '/home/martin/Documents/XilinxProjects/DEBac/DEBac.srcs/sources_1/new/b2seg.vhd:4' bound to instance 'BIN2SEGx' of component 'bin2seg' [/home/martin/Documents/XilinxProjects/DEBac/DEBac.srcs/sources_1/new/projekt_toplevel.vhd:334]
INFO: [Synth 8-638] synthesizing module 'bin2seg' [/home/martin/Documents/XilinxProjects/DEBac/DEBac.srcs/sources_1/new/b2seg.vhd:12]
INFO: [Synth 8-226] default block is never used [/home/martin/Documents/XilinxProjects/DEBac/DEBac.srcs/sources_1/new/b2seg.vhd:20]
INFO: [Synth 8-256] done synthesizing module 'bin2seg' (0#1) [/home/martin/Documents/XilinxProjects/DEBac/DEBac.srcs/sources_1/new/b2seg.vhd:12]
INFO: [Synth 8-3491] module 'debouncer' declared at '/home/martin/Documents/XilinxProjects/DEBac/DEBac.srcs/sources_1/new/debouncekod.vhd:4' bound to instance 'DEB1' of component 'debouncer' [/home/martin/Documents/XilinxProjects/DEBac/DEBac.srcs/sources_1/new/projekt_toplevel.vhd:347]
INFO: [Synth 8-638] synthesizing module 'debouncer' [/home/martin/Documents/XilinxProjects/DEBac/DEBac.srcs/sources_1/new/debouncekod.vhd:11]
INFO: [Synth 8-256] done synthesizing module 'debouncer' (0#1) [/home/martin/Documents/XilinxProjects/DEBac/DEBac.srcs/sources_1/new/debouncekod.vhd:11]
INFO: [Synth 8-3491] module 'debouncer' declared at '/home/martin/Documents/XilinxProjects/DEBac/DEBac.srcs/sources_1/new/debouncekod.vhd:4' bound to instance 'DEB2' of component 'debouncer' [/home/martin/Documents/XilinxProjects/DEBac/DEBac.srcs/sources_1/new/projekt_toplevel.vhd:355]
INFO: [Synth 8-3491] module 'debouncer' declared at '/home/martin/Documents/XilinxProjects/DEBac/DEBac.srcs/sources_1/new/debouncekod.vhd:4' bound to instance 'DEB3' of component 'debouncer' [/home/martin/Documents/XilinxProjects/DEBac/DEBac.srcs/sources_1/new/projekt_toplevel.vhd:363]
INFO: [Synth 8-256] done synthesizing module 'top_level' (0#1) [/home/martin/Documents/XilinxProjects/DEBac/DEBac.srcs/sources_1/new/projekt_toplevel.vhd:32]
---------------------------------------------------------------------------------
Finished RTL Elaboration : Time (s): cpu = 00:00:05 ; elapsed = 00:00:06 . Memory (MB): peak = 2225.254 ; gain = 505.770 ; free physical = 904 ; free virtual = 52676
---------------------------------------------------------------------------------
---------------------------------------------------------------------------------
Start Handling Custom Attributes
---------------------------------------------------------------------------------
---------------------------------------------------------------------------------
Finished Handling Custom Attributes : Time (s): cpu = 00:00:05 ; elapsed = 00:00:06 . Memory (MB): peak = 2237.129 ; gain = 517.645 ; free physical = 901 ; free virtual = 52674
---------------------------------------------------------------------------------
---------------------------------------------------------------------------------
Finished RTL Optimization Phase 1 : Time (s): cpu = 00:00:05 ; elapsed = 00:00:06 . Memory (MB): peak = 2237.129 ; gain = 517.645 ; free physical = 901 ; free virtual = 52674
---------------------------------------------------------------------------------
Netlist sorting complete. Time (s): cpu = 00:00:00 ; elapsed = 00:00:00 . Memory (MB): peak = 2237.129 ; gain = 0.000 ; free physical = 901 ; free virtual = 52674
INFO: [Project 1-570] Preparing netlist for logic optimization

Processing XDC Constraints
Initializing timing engine
Parsing XDC File [/home/martin/Documents/XilinxProjects/DEBac/DEBac.srcs/constrs_1/new/nexys4ddr.xdc]
Finished Parsing XDC File [/home/martin/Documents/XilinxProjects/DEBac/DEBac.srcs/constrs_1/new/nexys4ddr.xdc]
INFO: [Project 1-236] Implementation specific constraints were found while reading constraint file [/home/martin/Documents/XilinxProjects/DEBac/DEBac.srcs/constrs_1/new/nexys4ddr.xdc]. These constraints will be ignored for synthesis but will be used in implementation. Impacted constraints are listed in the file [.Xil/top_level_propImpl.xdc].
Resolution: To avoid this warning, move constraints listed in [.Xil/top_level_propImpl.xdc] to another XDC file and exclude this new file from synthesis with the used_in_synthesis property (File Properties dialog in GUI) and re-run elaboration/synthesis.
Completed Processing XDC Constraints

Netlist sorting complete. Time (s): cpu = 00:00:00 ; elapsed = 00:00:00 . Memory (MB): peak = 2394.879 ; gain = 0.000 ; free physical = 829 ; free virtual = 52601
INFO: [Project 1-111] Unisim Transformation Summary:
No Unisim elements were transformed.

Constraint Validation Runtime : Time (s): cpu = 00:00:00 ; elapsed = 00:00:00 . Memory (MB): peak = 2394.879 ; gain = 0.000 ; free physical = 829 ; free virtual = 52601
INFO: [Designutils 20-5440] No compile time benefit to using incremental synthesis; A full resynthesis will be run
INFO: [Designutils 20-4379] Flow is switching to default flow due to incremental criteria not met. If you would like to alter this behaviour and have the flow terminate instead, please set the following parameter config_implementation {autoIncr.Synth.RejectBehavior Terminate}
---------------------------------------------------------------------------------
Finished Constraint Validation : Time (s): cpu = 00:00:12 ; elapsed = 00:00:12 . Memory (MB): peak = 2394.879 ; gain = 675.395 ; free physical = 903 ; free virtual = 52676
---------------------------------------------------------------------------------
---------------------------------------------------------------------------------
Start Loading Part and Timing Information
---------------------------------------------------------------------------------
Loading part: xc7a100tcsg324-1
---------------------------------------------------------------------------------
Finished Loading Part and Timing Information : Time (s): cpu = 00:00:12 ; elapsed = 00:00:12 . Memory (MB): peak = 2402.883 ; gain = 683.398 ; free physical = 903 ; free virtual = 52676
---------------------------------------------------------------------------------
---------------------------------------------------------------------------------
Start Applying 'set_property' XDC Constraints
---------------------------------------------------------------------------------
---------------------------------------------------------------------------------
Finished applying 'set_property' XDC Constraints : Time (s): cpu = 00:00:12 ; elapsed = 00:00:12 . Memory (MB): peak = 2402.883 ; gain = 683.398 ; free physical = 903 ; free virtual = 52676
---------------------------------------------------------------------------------
---------------------------------------------------------------------------------
Finished RTL Optimization Phase 2 : Time (s): cpu = 00:00:12 ; elapsed = 00:00:13 . Memory (MB): peak = 2402.883 ; gain = 683.398 ; free physical = 914 ; free virtual = 52688
---------------------------------------------------------------------------------
---------------------------------------------------------------------------------
Start RTL Component Statistics 
---------------------------------------------------------------------------------
Detailed RTL Component Info : 
+---Adders : 
	   2 Input   27 Bit       Adders := 1     
	   2 Input   17 Bit       Adders := 1     
	   2 Input   10 Bit       Adders := 1     
	   2 Input    6 Bit       Adders := 9     
	   2 Input    5 Bit       Adders := 2     
	   2 Input    3 Bit       Adders := 1     
+---Registers : 
	               27 Bit    Registers := 1     
	               17 Bit    Registers := 1     
	               10 Bit    Registers := 1     
	                6 Bit    Registers := 8     
	                5 Bit    Registers := 1     
	                4 Bit    Registers := 6     
	                3 Bit    Registers := 1     
	                1 Bit    Registers := 28    
+---Muxes : 
	   2 Input   10 Bit        Muxes := 1     
	   3 Input    8 Bit        Muxes := 1     
	   7 Input    8 Bit        Muxes := 1     
	   3 Input    6 Bit        Muxes := 3     
	   2 Input    6 Bit        Muxes := 12    
	   3 Input    5 Bit        Muxes := 1     
	   2 Input    5 Bit        Muxes := 4     
	   2 Input    3 Bit        Muxes := 1     
	   4 Input    1 Bit        Muxes := 11    
	   2 Input    1 Bit        Muxes := 23    
	   3 Input    1 Bit        Muxes := 2     
---------------------------------------------------------------------------------
Finished RTL Component Statistics 
---------------------------------------------------------------------------------
---------------------------------------------------------------------------------
Start Part Resource Summary
---------------------------------------------------------------------------------
Part Resources:
DSPs: 240 (col length:80)
BRAMs: 270 (col length: RAMB18 80 RAMB36 40)
---------------------------------------------------------------------------------
Finished Part Resource Summary
---------------------------------------------------------------------------------
---------------------------------------------------------------------------------
Start Cross Boundary and Area Optimization
---------------------------------------------------------------------------------
WARNING: [Synth 8-7080] Parallel synthesis criteria is not met
---------------------------------------------------------------------------------
Finished Cross Boundary and Area Optimization : Time (s): cpu = 00:00:18 ; elapsed = 00:00:18 . Memory (MB): peak = 2402.883 ; gain = 683.398 ; free physical = 964 ; free virtual = 52742
---------------------------------------------------------------------------------
---------------------------------------------------------------------------------
Start Applying XDC Timing Constraints
---------------------------------------------------------------------------------
---------------------------------------------------------------------------------
Finished Applying XDC Timing Constraints : Time (s): cpu = 00:00:23 ; elapsed = 00:00:23 . Memory (MB): peak = 2419.883 ; gain = 700.398 ; free physical = 910 ; free virtual = 52688
---------------------------------------------------------------------------------
---------------------------------------------------------------------------------
Start Timing Optimization
---------------------------------------------------------------------------------
---------------------------------------------------------------------------------
Finished Timing Optimization : Time (s): cpu = 00:00:24 ; elapsed = 00:00:24 . Memory (MB): peak = 2452.906 ; gain = 733.422 ; free physical = 879 ; free virtual = 52657
---------------------------------------------------------------------------------
---------------------------------------------------------------------------------
Start Technology Mapping
---------------------------------------------------------------------------------
---------------------------------------------------------------------------------
Finished Technology Mapping : Time (s): cpu = 00:00:24 ; elapsed = 00:00:25 . Memory (MB): peak = 2468.922 ; gain = 749.438 ; free physical = 864 ; free virtual = 52641
---------------------------------------------------------------------------------
---------------------------------------------------------------------------------
Start IO Insertion
---------------------------------------------------------------------------------
---------------------------------------------------------------------------------
Start Flattening Before IO Insertion
---------------------------------------------------------------------------------
---------------------------------------------------------------------------------
Finished Flattening Before IO Insertion
---------------------------------------------------------------------------------
---------------------------------------------------------------------------------
Start Final Netlist Cleanup
---------------------------------------------------------------------------------
---------------------------------------------------------------------------------
Finished Final Netlist Cleanup
---------------------------------------------------------------------------------
---------------------------------------------------------------------------------
Finished IO Insertion : Time (s): cpu = 00:00:28 ; elapsed = 00:00:28 . Memory (MB): peak = 2606.734 ; gain = 887.250 ; free physical = 773 ; free virtual = 52551
---------------------------------------------------------------------------------
---------------------------------------------------------------------------------
Start Renaming Generated Instances
---------------------------------------------------------------------------------
---------------------------------------------------------------------------------
Finished Renaming Generated Instances : Time (s): cpu = 00:00:28 ; elapsed = 00:00:28 . Memory (MB): peak = 2606.734 ; gain = 887.250 ; free physical = 773 ; free virtual = 52551
---------------------------------------------------------------------------------
---------------------------------------------------------------------------------
Start Rebuilding User Hierarchy
---------------------------------------------------------------------------------
---------------------------------------------------------------------------------
Finished Rebuilding User Hierarchy : Time (s): cpu = 00:00:28 ; elapsed = 00:00:28 . Memory (MB): peak = 2606.734 ; gain = 887.250 ; free physical = 773 ; free virtual = 52551
---------------------------------------------------------------------------------
---------------------------------------------------------------------------------
Start Renaming Generated Ports
---------------------------------------------------------------------------------
---------------------------------------------------------------------------------
Finished Renaming Generated Ports : Time (s): cpu = 00:00:28 ; elapsed = 00:00:28 . Memory (MB): peak = 2606.734 ; gain = 887.250 ; free physical = 773 ; free virtual = 52551
---------------------------------------------------------------------------------
---------------------------------------------------------------------------------
Start Handling Custom Attributes
---------------------------------------------------------------------------------
---------------------------------------------------------------------------------
Finished Handling Custom Attributes : Time (s): cpu = 00:00:28 ; elapsed = 00:00:28 . Memory (MB): peak = 2606.734 ; gain = 887.250 ; free physical = 773 ; free virtual = 52551
---------------------------------------------------------------------------------
---------------------------------------------------------------------------------
Start Renaming Generated Nets
---------------------------------------------------------------------------------
---------------------------------------------------------------------------------
Finished Renaming Generated Nets : Time (s): cpu = 00:00:28 ; elapsed = 00:00:28 . Memory (MB): peak = 2606.734 ; gain = 887.250 ; free physical = 773 ; free virtual = 52551
---------------------------------------------------------------------------------
---------------------------------------------------------------------------------
Start ROM, RAM, DSP, Shift Register and Retiming Reporting
---------------------------------------------------------------------------------

Static Shift Register Report:
+------------+-------------+--------+-------+--------------+--------------------+-------------------+--------+---------+
|Module Name | RTL Name    | Length | Width | Reset Signal | Pull out first Reg | Pull out last Reg | SRL16E | SRLC32E | 
+------------+-------------+--------+-------+--------------+--------------------+-------------------+--------+---------+
|top_level   | DEB1/q5_reg | 5      | 1     | NO           | YES                | YES               | 1      | 0       | 
|top_level   | DEB2/q5_reg | 5      | 1     | NO           | YES                | YES               | 1      | 0       | 
|top_level   | DEB3/q5_reg | 5      | 1     | NO           | YES                | YES               | 1      | 0       | 
+------------+-------------+--------+-------+--------------+--------------------+-------------------+--------+---------+

---------------------------------------------------------------------------------
Finished ROM, RAM, DSP, Shift Register and Retiming Reporting
---------------------------------------------------------------------------------
---------------------------------------------------------------------------------
Start Writing Synthesis Report
---------------------------------------------------------------------------------

Report BlackBoxes: 
+-+--------------+----------+
| |BlackBox name |Instances |
+-+--------------+----------+
+-+--------------+----------+

Report Cell Usage: 
+------+-------+------+
|      |Cell   |Count |
+------+-------+------+
|1     |BUFG   |     1|
|2     |CARRY4 |    11|
|3     |LUT1   |    11|
|4     |LUT2   |    28|
|5     |LUT3   |    15|
|6     |LUT4   |    60|
|7     |LUT5   |    48|
|8     |LUT6   |    76|
|9     |MUXF7  |     1|
|10    |SRL16E |     3|
|11    |FDRE   |   151|
|12    |IBUF   |     8|
|13    |OBUF   |    15|
+------+-------+------+
---------------------------------------------------------------------------------
Finished Writing Synthesis Report : Time (s): cpu = 00:00:28 ; elapsed = 00:00:28 . Memory (MB): peak = 2606.734 ; gain = 887.250 ; free physical = 773 ; free virtual = 52551
---------------------------------------------------------------------------------
Synthesis finished with 0 errors, 0 critical warnings and 1 warnings.
Synthesis Optimization Runtime : Time (s): cpu = 00:00:26 ; elapsed = 00:00:27 . Memory (MB): peak = 2606.734 ; gain = 729.500 ; free physical = 772 ; free virtual = 52551
Synthesis Optimization Complete : Time (s): cpu = 00:00:28 ; elapsed = 00:00:28 . Memory (MB): peak = 2606.742 ; gain = 887.250 ; free physical = 772 ; free virtual = 52551
INFO: [Project 1-571] Translating synthesized netlist
Netlist sorting complete. Time (s): cpu = 00:00:00 ; elapsed = 00:00:00.01 . Memory (MB): peak = 2606.742 ; gain = 0.000 ; free physical = 772 ; free virtual = 52550
INFO: [Netlist 29-17] Analyzing 12 Unisim elements for replacement
INFO: [Netlist 29-28] Unisim Transformation completed in 0 CPU seconds
INFO: [Project 1-570] Preparing netlist for logic optimization
INFO: [Opt 31-138] Pushed 0 inverter(s) to 0 load pin(s).
Netlist sorting complete. Time (s): cpu = 00:00:00 ; elapsed = 00:00:00 . Memory (MB): peak = 2662.762 ; gain = 0.000 ; free physical = 914 ; free virtual = 52692
INFO: [Project 1-111] Unisim Transformation Summary:
No Unisim elements were transformed.

Synth Design complete | Checksum: 13042fe
INFO: [Common 17-83] Releasing license: Synthesis
58 Infos, 1 Warnings, 0 Critical Warnings and 0 Errors encountered.
synth_design completed successfully
synth_design: Time (s): cpu = 00:00:36 ; elapsed = 00:00:34 . Memory (MB): peak = 2662.762 ; gain = 978.934 ; free physical = 914 ; free virtual = 52692
INFO: [Common 17-2834] synth_design peak Physical Memory [PSS] (MB): overall = 1590.236; main = 1586.843; forked = 268.785
INFO: [Common 17-2834] synth_design peak Virtual Memory [VSS] (MB): overall = 3973.660; main = 2662.766; forked = 1570.773
Write ShapeDB Complete: Time (s): cpu = 00:00:00.01 ; elapsed = 00:00:00 . Memory (MB): peak = 2686.773 ; gain = 0.000 ; free physical = 912 ; free virtual = 52690
INFO: [Common 17-1381] The checkpoint '/home/martin/Documents/XilinxProjects/DEBac/DEBac.runs/synth_1/top_level.dcp' has been generated.
INFO: [Vivado 12-24828] Executing command : report_utilization -file top_level_utilization_synth.rpt -pb top_level_utilization_synth.pb
INFO: [Common 17-206] Exiting Vivado at Thu May  8 23:07:43 2025...
